{"uid":"17f1baf4f4174478","name":"test_search_notvalid[255 symbols]","fullName":"test_main_page#test_search_notvalid","historyId":"6a5a1e6cda13e26bfda193300b0af2d5","time":{"start":1662920555897,"stop":1662920573373,"duration":17476},"description":"Проверка поля Поиск при указании НЕвалидных значений","descriptionHtml":"<p>Проверка поля Поиск при указании НЕвалидных значений</p>\n","status":"broken","statusMessage":"selenium.common.exceptions.TimeoutException: Message: Can't find element by locator ('css selector', '.found_rows>b') >> Page didn't load! Restart test please!\nStacktrace:\nBacktrace:\n\tOrdinal0 [0x003878B3+2193587]\n\tOrdinal0 [0x00320681+1771137]\n\tOrdinal0 [0x002341A8+803240]\n\tOrdinal0 [0x002624A0+992416]\n\tOrdinal0 [0x0026273B+993083]\n\tOrdinal0 [0x0028F7C2+1177538]\n\tOrdinal0 [0x0027D7F4+1103860]\n\tOrdinal0 [0x0028DAE2+1170146]\n\tOrdinal0 [0x0027D5C6+1103302]\n\tOrdinal0 [0x002577E0+948192]\n\tOrdinal0 [0x002586E6+952038]\n\tGetHandleVerifier [0x00630CB2+2738370]\n\tGetHandleVerifier [0x006221B8+2678216]\n\tGetHandleVerifier [0x004117AA+512954]\n\tGetHandleVerifier [0x00410856+509030]\n\tOrdinal0 [0x0032743B+1799227]\n\tOrdinal0 [0x0032BB68+1817448]\n\tOrdinal0 [0x0032BC55+1817685]\n\tOrdinal0 [0x00335230+1856048]\n\tBaseThreadInitThunk [0x764EFA29+25]\n\tRtlGetAppContainerNamedObjectPath [0x77C57A9E+286]\n\tRtlGetAppContainerNamedObjectPath [0x77C57A6E+238]","statusTrace":"browser = <selenium.webdriver.chrome.webdriver.WebDriver (session=\"bee24f27c7e89d4bf11a2e2ca556c6ce\")>\nvalue = 'xxxxxxxxxxxxxxxxxxxxxxxxxxxxxxxxxxxxxxxxxxxxxxxxxxxxxxxxxxxxxxxxxxxxxxxxxxxxxxxxxxxxxxxxxxxxxxxxxxxxxxxxxxxxxxxxxxxxx...xxxxxxxxxxxxxxxxxxxxxxxxxxxxxxxxxxxxxxxxxxxxxxxxxxxxxxxxxxxxxxxxxxxxxxxxxxxxxxxxxxxxxxxxxxxxxxxxxxxxxxxxxxxxxxxxxxxxxx'\n\n    @pytest.mark.parametrize(\"value\", ['', '    ', generate_string(255), chinese_chars(), special_chars(), big_number(82),\n                                       '<script>alert(123)</script>'], ids=['Empty', 'Spaces', '255 symbols', 'chinese',\n                                                                            'special', 'big_number', 'script-XSS'])\n    def test_search_notvalid(browser, value):\n        \"\"\"Проверка поля Поиск при указании НЕвалидных значений\"\"\"\n        driver = browser\n        page = SearchField(driver)\n        result_status = \"\"\n        try:\n            page.enter_on_site()\n            # Вставляем значение в поле Поиска:\n            page.find_elem_field(value)\n            time.sleep(2)\n            # Нажимаем на кнопку поиска:\n            page.btn_search()\n            # Проверяем, что получены результаты поиска:\n>           amountfound = page.find_elem_amountfound().text\n\ntests\\test_main_page.py:1395: \n_ _ _ _ _ _ _ _ _ _ _ _ _ _ _ _ _ _ _ _ _ _ _ _ _ _ _ _ _ _ _ _ _ _ _ _ _ _ _ _ _ _ _ _ _ _ _ _ _ _ _ _ _ _ _ _ _ _ _ _ _ _ _ _ _ _ _ _ _ _ _ _ _ _ _ _ _ _ _ _ _ _ _ _ _ _ _ _ _ _ _ _ _ _ _ _ _ _ _ _ _ _ _ _ \npages\\PageAutho.py:401: in find_elem_amountfound\n    find_amountfound = self.find_element(LocatorsProject.SEARCH_fAMOUNTFOUND)\npages\\BaseApp.py:14: in find_element\n    return WebDriverWait(self.driver, time).until(EC.presence_of_element_located(locator),\n_ _ _ _ _ _ _ _ _ _ _ _ _ _ _ _ _ _ _ _ _ _ _ _ _ _ _ _ _ _ _ _ _ _ _ _ _ _ _ _ _ _ _ _ _ _ _ _ _ _ _ _ _ _ _ _ _ _ _ _ _ _ _ _ _ _ _ _ _ _ _ _ _ _ _ _ _ _ _ _ _ _ _ _ _ _ _ _ _ _ _ _ _ _ _ _ _ _ _ _ _ _ _ _ \n\nself = <selenium.webdriver.support.wait.WebDriverWait (session=\"bee24f27c7e89d4bf11a2e2ca556c6ce\")>, method = <function presence_of_element_located.<locals>._predicate at 0x000001FDA782E550>\nmessage = \"Can't find element by locator ('css selector', '.found_rows>b') >> Page didn't load! Restart test please!\"\n\n    def until(self, method, message: str = \"\"):\n        \"\"\"Calls the method provided with the driver as an argument until the \\\n        return value does not evaluate to ``False``.\n    \n        :param method: callable(WebDriver)\n        :param message: optional message for :exc:`TimeoutException`\n        :returns: the result of the last call to `method`\n        :raises: :exc:`selenium.common.exceptions.TimeoutException` if timeout occurs\n        \"\"\"\n        screen = None\n        stacktrace = None\n    \n        end_time = time.monotonic() + self._timeout\n        while True:\n            try:\n                value = method(self._driver)\n                if value:\n                    return value\n            except self._ignored_exceptions as exc:\n                screen = getattr(exc, 'screen', None)\n                stacktrace = getattr(exc, 'stacktrace', None)\n            time.sleep(self._poll)\n            if time.monotonic() > end_time:\n                break\n>       raise TimeoutException(message, screen, stacktrace)\nE       selenium.common.exceptions.TimeoutException: Message: Can't find element by locator ('css selector', '.found_rows>b') >> Page didn't load! Restart test please!\nE       Stacktrace:\nE       Backtrace:\nE       \tOrdinal0 [0x003878B3+2193587]\nE       \tOrdinal0 [0x00320681+1771137]\nE       \tOrdinal0 [0x002341A8+803240]\nE       \tOrdinal0 [0x002624A0+992416]\nE       \tOrdinal0 [0x0026273B+993083]\nE       \tOrdinal0 [0x0028F7C2+1177538]\nE       \tOrdinal0 [0x0027D7F4+1103860]\nE       \tOrdinal0 [0x0028DAE2+1170146]\nE       \tOrdinal0 [0x0027D5C6+1103302]\nE       \tOrdinal0 [0x002577E0+948192]\nE       \tOrdinal0 [0x002586E6+952038]\nE       \tGetHandleVerifier [0x00630CB2+2738370]\nE       \tGetHandleVerifier [0x006221B8+2678216]\nE       \tGetHandleVerifier [0x004117AA+512954]\nE       \tGetHandleVerifier [0x00410856+509030]\nE       \tOrdinal0 [0x0032743B+1799227]\nE       \tOrdinal0 [0x0032BB68+1817448]\nE       \tOrdinal0 [0x0032BC55+1817685]\nE       \tOrdinal0 [0x00335230+1856048]\nE       \tBaseThreadInitThunk [0x764EFA29+25]\nE       \tRtlGetAppContainerNamedObjectPath [0x77C57A9E+286]\nE       \tRtlGetAppContainerNamedObjectPath [0x77C57A6E+238]\n\nverv\\lib\\site-packages\\selenium\\webdriver\\support\\wait.py:90: TimeoutException","flaky":false,"newFailed":false,"newBroken":false,"newPassed":false,"retriesCount":0,"retriesStatusChange":false,"beforeStages":[{"name":"_session_faker","time":{"start":1662920522185,"stop":1662920522247,"duration":62},"status":"passed","steps":[],"attachments":[],"parameters":[],"shouldDisplayMessage":false,"attachmentsCount":0,"stepsCount":0,"hasContent":false},{"name":"browser","time":{"start":1662920522247,"stop":1662920526359,"duration":4112},"status":"passed","steps":[],"attachments":[],"parameters":[],"shouldDisplayMessage":false,"attachmentsCount":0,"stepsCount":0,"hasContent":false},{"name":"base_url","time":{"start":1662920522247,"stop":1662920522247,"duration":0},"status":"passed","steps":[],"attachments":[],"parameters":[],"shouldDisplayMessage":false,"attachmentsCount":0,"stepsCount":0,"hasContent":false},{"name":"_verify_url","time":{"start":1662920522247,"stop":1662920522247,"duration":0},"status":"passed","steps":[],"attachments":[],"parameters":[],"shouldDisplayMessage":false,"attachmentsCount":0,"stepsCount":0,"hasContent":false},{"name":"sensitive_url","time":{"start":1662920526359,"stop":1662920526359,"duration":0},"status":"passed","steps":[],"attachments":[],"parameters":[],"shouldDisplayMessage":false,"attachmentsCount":0,"stepsCount":0,"hasContent":false},{"name":"time_delta_teardown","time":{"start":1662920555896,"stop":1662920555896,"duration":0},"status":"passed","steps":[],"attachments":[],"parameters":[],"shouldDisplayMessage":false,"attachmentsCount":0,"stepsCount":0,"hasContent":false},{"name":"_skip_sensitive","time":{"start":1662920555896,"stop":1662920555896,"duration":0},"status":"passed","steps":[],"attachments":[],"parameters":[],"shouldDisplayMessage":false,"attachmentsCount":0,"stepsCount":0,"hasContent":false}],"testStage":{"description":"Проверка поля Поиск при указании НЕвалидных значений","status":"broken","statusMessage":"selenium.common.exceptions.TimeoutException: Message: Can't find element by locator ('css selector', '.found_rows>b') >> Page didn't load! Restart test please!\nStacktrace:\nBacktrace:\n\tOrdinal0 [0x003878B3+2193587]\n\tOrdinal0 [0x00320681+1771137]\n\tOrdinal0 [0x002341A8+803240]\n\tOrdinal0 [0x002624A0+992416]\n\tOrdinal0 [0x0026273B+993083]\n\tOrdinal0 [0x0028F7C2+1177538]\n\tOrdinal0 [0x0027D7F4+1103860]\n\tOrdinal0 [0x0028DAE2+1170146]\n\tOrdinal0 [0x0027D5C6+1103302]\n\tOrdinal0 [0x002577E0+948192]\n\tOrdinal0 [0x002586E6+952038]\n\tGetHandleVerifier [0x00630CB2+2738370]\n\tGetHandleVerifier [0x006221B8+2678216]\n\tGetHandleVerifier [0x004117AA+512954]\n\tGetHandleVerifier [0x00410856+509030]\n\tOrdinal0 [0x0032743B+1799227]\n\tOrdinal0 [0x0032BB68+1817448]\n\tOrdinal0 [0x0032BC55+1817685]\n\tOrdinal0 [0x00335230+1856048]\n\tBaseThreadInitThunk [0x764EFA29+25]\n\tRtlGetAppContainerNamedObjectPath [0x77C57A9E+286]\n\tRtlGetAppContainerNamedObjectPath [0x77C57A6E+238]","statusTrace":"browser = <selenium.webdriver.chrome.webdriver.WebDriver (session=\"bee24f27c7e89d4bf11a2e2ca556c6ce\")>\nvalue = 'xxxxxxxxxxxxxxxxxxxxxxxxxxxxxxxxxxxxxxxxxxxxxxxxxxxxxxxxxxxxxxxxxxxxxxxxxxxxxxxxxxxxxxxxxxxxxxxxxxxxxxxxxxxxxxxxxxxxx...xxxxxxxxxxxxxxxxxxxxxxxxxxxxxxxxxxxxxxxxxxxxxxxxxxxxxxxxxxxxxxxxxxxxxxxxxxxxxxxxxxxxxxxxxxxxxxxxxxxxxxxxxxxxxxxxxxxxxx'\n\n    @pytest.mark.parametrize(\"value\", ['', '    ', generate_string(255), chinese_chars(), special_chars(), big_number(82),\n                                       '<script>alert(123)</script>'], ids=['Empty', 'Spaces', '255 symbols', 'chinese',\n                                                                            'special', 'big_number', 'script-XSS'])\n    def test_search_notvalid(browser, value):\n        \"\"\"Проверка поля Поиск при указании НЕвалидных значений\"\"\"\n        driver = browser\n        page = SearchField(driver)\n        result_status = \"\"\n        try:\n            page.enter_on_site()\n            # Вставляем значение в поле Поиска:\n            page.find_elem_field(value)\n            time.sleep(2)\n            # Нажимаем на кнопку поиска:\n            page.btn_search()\n            # Проверяем, что получены результаты поиска:\n>           amountfound = page.find_elem_amountfound().text\n\ntests\\test_main_page.py:1395: \n_ _ _ _ _ _ _ _ _ _ _ _ _ _ _ _ _ _ _ _ _ _ _ _ _ _ _ _ _ _ _ _ _ _ _ _ _ _ _ _ _ _ _ _ _ _ _ _ _ _ _ _ _ _ _ _ _ _ _ _ _ _ _ _ _ _ _ _ _ _ _ _ _ _ _ _ _ _ _ _ _ _ _ _ _ _ _ _ _ _ _ _ _ _ _ _ _ _ _ _ _ _ _ _ \npages\\PageAutho.py:401: in find_elem_amountfound\n    find_amountfound = self.find_element(LocatorsProject.SEARCH_fAMOUNTFOUND)\npages\\BaseApp.py:14: in find_element\n    return WebDriverWait(self.driver, time).until(EC.presence_of_element_located(locator),\n_ _ _ _ _ _ _ _ _ _ _ _ _ _ _ _ _ _ _ _ _ _ _ _ _ _ _ _ _ _ _ _ _ _ _ _ _ _ _ _ _ _ _ _ _ _ _ _ _ _ _ _ _ _ _ _ _ _ _ _ _ _ _ _ _ _ _ _ _ _ _ _ _ _ _ _ _ _ _ _ _ _ _ _ _ _ _ _ _ _ _ _ _ _ _ _ _ _ _ _ _ _ _ _ \n\nself = <selenium.webdriver.support.wait.WebDriverWait (session=\"bee24f27c7e89d4bf11a2e2ca556c6ce\")>, method = <function presence_of_element_located.<locals>._predicate at 0x000001FDA782E550>\nmessage = \"Can't find element by locator ('css selector', '.found_rows>b') >> Page didn't load! Restart test please!\"\n\n    def until(self, method, message: str = \"\"):\n        \"\"\"Calls the method provided with the driver as an argument until the \\\n        return value does not evaluate to ``False``.\n    \n        :param method: callable(WebDriver)\n        :param message: optional message for :exc:`TimeoutException`\n        :returns: the result of the last call to `method`\n        :raises: :exc:`selenium.common.exceptions.TimeoutException` if timeout occurs\n        \"\"\"\n        screen = None\n        stacktrace = None\n    \n        end_time = time.monotonic() + self._timeout\n        while True:\n            try:\n                value = method(self._driver)\n                if value:\n                    return value\n            except self._ignored_exceptions as exc:\n                screen = getattr(exc, 'screen', None)\n                stacktrace = getattr(exc, 'stacktrace', None)\n            time.sleep(self._poll)\n            if time.monotonic() > end_time:\n                break\n>       raise TimeoutException(message, screen, stacktrace)\nE       selenium.common.exceptions.TimeoutException: Message: Can't find element by locator ('css selector', '.found_rows>b') >> Page didn't load! Restart test please!\nE       Stacktrace:\nE       Backtrace:\nE       \tOrdinal0 [0x003878B3+2193587]\nE       \tOrdinal0 [0x00320681+1771137]\nE       \tOrdinal0 [0x002341A8+803240]\nE       \tOrdinal0 [0x002624A0+992416]\nE       \tOrdinal0 [0x0026273B+993083]\nE       \tOrdinal0 [0x0028F7C2+1177538]\nE       \tOrdinal0 [0x0027D7F4+1103860]\nE       \tOrdinal0 [0x0028DAE2+1170146]\nE       \tOrdinal0 [0x0027D5C6+1103302]\nE       \tOrdinal0 [0x002577E0+948192]\nE       \tOrdinal0 [0x002586E6+952038]\nE       \tGetHandleVerifier [0x00630CB2+2738370]\nE       \tGetHandleVerifier [0x006221B8+2678216]\nE       \tGetHandleVerifier [0x004117AA+512954]\nE       \tGetHandleVerifier [0x00410856+509030]\nE       \tOrdinal0 [0x0032743B+1799227]\nE       \tOrdinal0 [0x0032BB68+1817448]\nE       \tOrdinal0 [0x0032BC55+1817685]\nE       \tOrdinal0 [0x00335230+1856048]\nE       \tBaseThreadInitThunk [0x764EFA29+25]\nE       \tRtlGetAppContainerNamedObjectPath [0x77C57A9E+286]\nE       \tRtlGetAppContainerNamedObjectPath [0x77C57A6E+238]\n\nverv\\lib\\site-packages\\selenium\\webdriver\\support\\wait.py:90: TimeoutException","steps":[],"attachments":[{"uid":"fa210eb6f8b8c783","name":"stdout","source":"fa210eb6f8b8c783.txt","type":"text/plain","size":112}],"parameters":[],"shouldDisplayMessage":true,"attachmentsCount":1,"stepsCount":0,"hasContent":true},"afterStages":[{"name":"time_delta_teardown::0","time":{"start":1662920573386,"stop":1662920573386,"duration":0},"status":"passed","steps":[],"attachments":[],"parameters":[],"shouldDisplayMessage":false,"attachmentsCount":0,"stepsCount":0,"hasContent":false},{"name":"browser::0","time":{"start":1662920614966,"stop":1662920633243,"duration":18277},"status":"passed","steps":[],"attachments":[],"parameters":[],"shouldDisplayMessage":false,"attachmentsCount":0,"stepsCount":0,"hasContent":false}],"labels":[{"name":"suite","value":"test_main_page"},{"name":"host","value":"HOME"},{"name":"thread","value":"2844-MainThread"},{"name":"framework","value":"pytest"},{"name":"language","value":"cpython3"},{"name":"package","value":"test_main_page"},{"name":"resultFormat","value":"allure2"}],"parameters":[{"name":"value","value":"'xxxxxxxxxxxxxxxxxxxxxxxxxxxxxxxxxxxxxxxxxxxxxxxxxxxxxxxxxxxxxxxxxxxxxxxxxxxxxxxxxxxxxxxxxxxxxxxxxxxxxxxxxxxxxxxxxxxxxxxxxxxxxxxxxxxxxxxxxxxxxxxxxxxxxxxxxxxxxxxxxxxxxxxxxxxxxxxxxxxxxxxxxxxxxxxxxxxxxxxxxxxxxxxxxxxxxxxxxxxxxxxxxxxxxxxxxxxxxxxxxxxxxxxxxxxxxxx'"}],"links":[],"hidden":false,"retry":false,"extra":{"severity":"normal","retries":[],"categories":[{"name":"Test defects","matchedStatuses":[],"flaky":false}],"tags":[]},"source":"17f1baf4f4174478.json","parameterValues":["'xxxxxxxxxxxxxxxxxxxxxxxxxxxxxxxxxxxxxxxxxxxxxxxxxxxxxxxxxxxxxxxxxxxxxxxxxxxxxxxxxxxxxxxxxxxxxxxxxxxxxxxxxxxxxxxxxxxxxxxxxxxxxxxxxxxxxxxxxxxxxxxxxxxxxxxxxxxxxxxxxxxxxxxxxxxxxxxxxxxxxxxxxxxxxxxxxxxxxxxxxxxxxxxxxxxxxxxxxxxxxxxxxxxxxxxxxxxxxxxxxxxxxxxxxxxxxxx'"]}