{"uid":"4c90b13f7758f6ae","name":"test_registration_not_valid[]","fullName":"test_authorization.TestAuthorization#test_registration_not_valid","historyId":"edc21debee23b3629d5bcfab47aaa7e7","time":{"start":1662913409375,"stop":1662913422895,"duration":13520},"description":"Тестируем невалидный вариант регистрации. [НЕГАТИВНЫЙ ТЕСТ]","descriptionHtml":"<p>Тестируем невалидный вариант регистрации. [НЕГАТИВНЫЙ ТЕСТ]</p>\n","status":"broken","statusMessage":"selenium.common.exceptions.TimeoutException: Message: Can't find element by locator ('xpath', '//div[contains(text(), \"Введите код\")]') >> Page didn't load! Restart test please!\nStacktrace:\nBacktrace:\n\tOrdinal0 [0x00EA78B3+2193587]\n\tOrdinal0 [0x00E40681+1771137]\n\tOrdinal0 [0x00D541A8+803240]\n\tOrdinal0 [0x00D824A0+992416]\n\tOrdinal0 [0x00D8273B+993083]\n\tOrdinal0 [0x00DAF7C2+1177538]\n\tOrdinal0 [0x00D9D7F4+1103860]\n\tOrdinal0 [0x00DADAE2+1170146]\n\tOrdinal0 [0x00D9D5C6+1103302]\n\tOrdinal0 [0x00D777E0+948192]\n\tOrdinal0 [0x00D786E6+952038]\n\tGetHandleVerifier [0x01150CB2+2738370]\n\tGetHandleVerifier [0x011421B8+2678216]\n\tGetHandleVerifier [0x00F317AA+512954]\n\tGetHandleVerifier [0x00F30856+509030]\n\tOrdinal0 [0x00E4743B+1799227]\n\tOrdinal0 [0x00E4BB68+1817448]\n\tOrdinal0 [0x00E4BC55+1817685]\n\tOrdinal0 [0x00E55230+1856048]\n\tBaseThreadInitThunk [0x764EFA29+25]\n\tRtlGetAppContainerNamedObjectPath [0x77C57A9E+286]\n\tRtlGetAppContainerNamedObjectPath [0x77C57A6E+238]","statusTrace":"self = <tests.test_authorization.TestAuthorization object at 0x00000202EFF6DF40>, browser = <selenium.webdriver.chrome.webdriver.WebDriver (session=\"65359649b35915dbc25922a9f31981c5\")>, value = ''\n\n    @pytest.mark.parametrize(\"value\",\n                             ['', '     @mail.ru', 'my_mail@.ru', 'five5@mail.рус', 'mail5@mail.mail', 'five5@mail.r',\n                              'five5@ 123.com', generate_string(250) + '@mail.ru'])\n    def test_registration_not_valid(self, browser, value):\n        \"\"\"Тестируем невалидный вариант регистрации. [НЕГАТИВНЫЙ ТЕСТ]\"\"\"\n    \n        driver = browser  # транспортируем драйвер\n        # Импортируем действия и открываем сайт:\n        page = RegPage(driver)\n        result_status = \"\"\n        try:\n            page.enter_on_site()\n            # Нажимаем на кнопку Войти:\n            page.btn_click_enter()\n            driver.implicitly_wait(2)\n            # Нажимаем на кнопку Другой способ:\n            page.btn_click_way()\n            driver.implicitly_wait(2)\n            # Нажимаем на кнопку По смс или email коду:\n            page.btn_click_email()\n            driver.implicitly_wait(2)\n            # Вводим адрес почты/Email (поле для вставки невалидных значений):\n            page.enter_email(value)\n            # Нажимаем на кнопку Получить код:\n            page.btn_click_getcode()\n            # Если появится надпись \"Введите код\", значит указанное невалидное значение прошло проверку:\n>           inputcode = page.find_elem_inputcode().text  # локатор на надпись \"Введите код\"\n\ntests\\test_authorization.py:231: \n_ _ _ _ _ _ _ _ _ _ _ _ _ _ _ _ _ _ _ _ _ _ _ _ _ _ _ _ _ _ _ _ _ _ _ _ _ _ _ _ _ _ _ _ _ _ _ _ _ _ _ _ _ _ _ _ _ _ _ _ _ _ _ _ _ _ _ _ _ _ _ _ _ _ _ _ _ _ _ _ _ _ _ _ _ _ _ _ _ _ _ _ _ _ _ _ _ _ _ _ _ _ _ _ \npages\\PageAutho.py:34: in find_elem_inputcode\n    find_inputcode = self.find_element(LocatorsProject.REG_fINPUTCODE)\npages\\BaseApp.py:14: in find_element\n    return WebDriverWait(self.driver, time).until(EC.presence_of_element_located(locator),\n_ _ _ _ _ _ _ _ _ _ _ _ _ _ _ _ _ _ _ _ _ _ _ _ _ _ _ _ _ _ _ _ _ _ _ _ _ _ _ _ _ _ _ _ _ _ _ _ _ _ _ _ _ _ _ _ _ _ _ _ _ _ _ _ _ _ _ _ _ _ _ _ _ _ _ _ _ _ _ _ _ _ _ _ _ _ _ _ _ _ _ _ _ _ _ _ _ _ _ _ _ _ _ _ \n\nself = <selenium.webdriver.support.wait.WebDriverWait (session=\"65359649b35915dbc25922a9f31981c5\")>, method = <function presence_of_element_located.<locals>._predicate at 0x00000202EEB55EE0>\nmessage = 'Can\\'t find element by locator (\\'xpath\\', \\'//div[contains(text(), \"Введите код\")]\\') >> Page didn\\'t load! Restart test please!'\n\n    def until(self, method, message: str = \"\"):\n        \"\"\"Calls the method provided with the driver as an argument until the \\\n        return value does not evaluate to ``False``.\n    \n        :param method: callable(WebDriver)\n        :param message: optional message for :exc:`TimeoutException`\n        :returns: the result of the last call to `method`\n        :raises: :exc:`selenium.common.exceptions.TimeoutException` if timeout occurs\n        \"\"\"\n        screen = None\n        stacktrace = None\n    \n        end_time = time.monotonic() + self._timeout\n        while True:\n            try:\n                value = method(self._driver)\n                if value:\n                    return value\n            except self._ignored_exceptions as exc:\n                screen = getattr(exc, 'screen', None)\n                stacktrace = getattr(exc, 'stacktrace', None)\n            time.sleep(self._poll)\n            if time.monotonic() > end_time:\n                break\n>       raise TimeoutException(message, screen, stacktrace)\nE       selenium.common.exceptions.TimeoutException: Message: Can't find element by locator ('xpath', '//div[contains(text(), \"Введите код\")]') >> Page didn't load! Restart test please!\nE       Stacktrace:\nE       Backtrace:\nE       \tOrdinal0 [0x00EA78B3+2193587]\nE       \tOrdinal0 [0x00E40681+1771137]\nE       \tOrdinal0 [0x00D541A8+803240]\nE       \tOrdinal0 [0x00D824A0+992416]\nE       \tOrdinal0 [0x00D8273B+993083]\nE       \tOrdinal0 [0x00DAF7C2+1177538]\nE       \tOrdinal0 [0x00D9D7F4+1103860]\nE       \tOrdinal0 [0x00DADAE2+1170146]\nE       \tOrdinal0 [0x00D9D5C6+1103302]\nE       \tOrdinal0 [0x00D777E0+948192]\nE       \tOrdinal0 [0x00D786E6+952038]\nE       \tGetHandleVerifier [0x01150CB2+2738370]\nE       \tGetHandleVerifier [0x011421B8+2678216]\nE       \tGetHandleVerifier [0x00F317AA+512954]\nE       \tGetHandleVerifier [0x00F30856+509030]\nE       \tOrdinal0 [0x00E4743B+1799227]\nE       \tOrdinal0 [0x00E4BB68+1817448]\nE       \tOrdinal0 [0x00E4BC55+1817685]\nE       \tOrdinal0 [0x00E55230+1856048]\nE       \tBaseThreadInitThunk [0x764EFA29+25]\nE       \tRtlGetAppContainerNamedObjectPath [0x77C57A9E+286]\nE       \tRtlGetAppContainerNamedObjectPath [0x77C57A6E+238]\n\nverv\\lib\\site-packages\\selenium\\webdriver\\support\\wait.py:90: TimeoutException","flaky":false,"newFailed":false,"newBroken":false,"newPassed":false,"retriesCount":0,"retriesStatusChange":false,"beforeStages":[{"name":"_session_faker","time":{"start":1662913405227,"stop":1662913405273,"duration":46},"status":"passed","steps":[],"attachments":[],"parameters":[],"shouldDisplayMessage":false,"attachmentsCount":0,"stepsCount":0,"hasContent":false},{"name":"browser","time":{"start":1662913405273,"stop":1662913409375,"duration":4102},"status":"passed","steps":[],"attachments":[],"parameters":[],"shouldDisplayMessage":false,"attachmentsCount":0,"stepsCount":0,"hasContent":false},{"name":"_verify_url","time":{"start":1662913405273,"stop":1662913405273,"duration":0},"status":"passed","steps":[],"attachments":[],"parameters":[],"shouldDisplayMessage":false,"attachmentsCount":0,"stepsCount":0,"hasContent":false},{"name":"base_url","time":{"start":1662913405273,"stop":1662913405273,"duration":0},"status":"passed","steps":[],"attachments":[],"parameters":[],"shouldDisplayMessage":false,"attachmentsCount":0,"stepsCount":0,"hasContent":false},{"name":"time_delta_teardown","time":{"start":1662913409375,"stop":1662913409375,"duration":0},"status":"passed","steps":[],"attachments":[],"parameters":[],"shouldDisplayMessage":false,"attachmentsCount":0,"stepsCount":0,"hasContent":false},{"name":"_skip_sensitive","time":{"start":1662913409375,"stop":1662913409375,"duration":0},"status":"passed","steps":[],"attachments":[],"parameters":[],"shouldDisplayMessage":false,"attachmentsCount":0,"stepsCount":0,"hasContent":false},{"name":"sensitive_url","time":{"start":1662913409375,"stop":1662913409375,"duration":0},"status":"passed","steps":[],"attachments":[],"parameters":[],"shouldDisplayMessage":false,"attachmentsCount":0,"stepsCount":0,"hasContent":false}],"testStage":{"description":"Тестируем невалидный вариант регистрации. [НЕГАТИВНЫЙ ТЕСТ]","status":"broken","statusMessage":"selenium.common.exceptions.TimeoutException: Message: Can't find element by locator ('xpath', '//div[contains(text(), \"Введите код\")]') >> Page didn't load! Restart test please!\nStacktrace:\nBacktrace:\n\tOrdinal0 [0x00EA78B3+2193587]\n\tOrdinal0 [0x00E40681+1771137]\n\tOrdinal0 [0x00D541A8+803240]\n\tOrdinal0 [0x00D824A0+992416]\n\tOrdinal0 [0x00D8273B+993083]\n\tOrdinal0 [0x00DAF7C2+1177538]\n\tOrdinal0 [0x00D9D7F4+1103860]\n\tOrdinal0 [0x00DADAE2+1170146]\n\tOrdinal0 [0x00D9D5C6+1103302]\n\tOrdinal0 [0x00D777E0+948192]\n\tOrdinal0 [0x00D786E6+952038]\n\tGetHandleVerifier [0x01150CB2+2738370]\n\tGetHandleVerifier [0x011421B8+2678216]\n\tGetHandleVerifier [0x00F317AA+512954]\n\tGetHandleVerifier [0x00F30856+509030]\n\tOrdinal0 [0x00E4743B+1799227]\n\tOrdinal0 [0x00E4BB68+1817448]\n\tOrdinal0 [0x00E4BC55+1817685]\n\tOrdinal0 [0x00E55230+1856048]\n\tBaseThreadInitThunk [0x764EFA29+25]\n\tRtlGetAppContainerNamedObjectPath [0x77C57A9E+286]\n\tRtlGetAppContainerNamedObjectPath [0x77C57A6E+238]","statusTrace":"self = <tests.test_authorization.TestAuthorization object at 0x00000202EFF6DF40>, browser = <selenium.webdriver.chrome.webdriver.WebDriver (session=\"65359649b35915dbc25922a9f31981c5\")>, value = ''\n\n    @pytest.mark.parametrize(\"value\",\n                             ['', '     @mail.ru', 'my_mail@.ru', 'five5@mail.рус', 'mail5@mail.mail', 'five5@mail.r',\n                              'five5@ 123.com', generate_string(250) + '@mail.ru'])\n    def test_registration_not_valid(self, browser, value):\n        \"\"\"Тестируем невалидный вариант регистрации. [НЕГАТИВНЫЙ ТЕСТ]\"\"\"\n    \n        driver = browser  # транспортируем драйвер\n        # Импортируем действия и открываем сайт:\n        page = RegPage(driver)\n        result_status = \"\"\n        try:\n            page.enter_on_site()\n            # Нажимаем на кнопку Войти:\n            page.btn_click_enter()\n            driver.implicitly_wait(2)\n            # Нажимаем на кнопку Другой способ:\n            page.btn_click_way()\n            driver.implicitly_wait(2)\n            # Нажимаем на кнопку По смс или email коду:\n            page.btn_click_email()\n            driver.implicitly_wait(2)\n            # Вводим адрес почты/Email (поле для вставки невалидных значений):\n            page.enter_email(value)\n            # Нажимаем на кнопку Получить код:\n            page.btn_click_getcode()\n            # Если появится надпись \"Введите код\", значит указанное невалидное значение прошло проверку:\n>           inputcode = page.find_elem_inputcode().text  # локатор на надпись \"Введите код\"\n\ntests\\test_authorization.py:231: \n_ _ _ _ _ _ _ _ _ _ _ _ _ _ _ _ _ _ _ _ _ _ _ _ _ _ _ _ _ _ _ _ _ _ _ _ _ _ _ _ _ _ _ _ _ _ _ _ _ _ _ _ _ _ _ _ _ _ _ _ _ _ _ _ _ _ _ _ _ _ _ _ _ _ _ _ _ _ _ _ _ _ _ _ _ _ _ _ _ _ _ _ _ _ _ _ _ _ _ _ _ _ _ _ \npages\\PageAutho.py:34: in find_elem_inputcode\n    find_inputcode = self.find_element(LocatorsProject.REG_fINPUTCODE)\npages\\BaseApp.py:14: in find_element\n    return WebDriverWait(self.driver, time).until(EC.presence_of_element_located(locator),\n_ _ _ _ _ _ _ _ _ _ _ _ _ _ _ _ _ _ _ _ _ _ _ _ _ _ _ _ _ _ _ _ _ _ _ _ _ _ _ _ _ _ _ _ _ _ _ _ _ _ _ _ _ _ _ _ _ _ _ _ _ _ _ _ _ _ _ _ _ _ _ _ _ _ _ _ _ _ _ _ _ _ _ _ _ _ _ _ _ _ _ _ _ _ _ _ _ _ _ _ _ _ _ _ \n\nself = <selenium.webdriver.support.wait.WebDriverWait (session=\"65359649b35915dbc25922a9f31981c5\")>, method = <function presence_of_element_located.<locals>._predicate at 0x00000202EEB55EE0>\nmessage = 'Can\\'t find element by locator (\\'xpath\\', \\'//div[contains(text(), \"Введите код\")]\\') >> Page didn\\'t load! Restart test please!'\n\n    def until(self, method, message: str = \"\"):\n        \"\"\"Calls the method provided with the driver as an argument until the \\\n        return value does not evaluate to ``False``.\n    \n        :param method: callable(WebDriver)\n        :param message: optional message for :exc:`TimeoutException`\n        :returns: the result of the last call to `method`\n        :raises: :exc:`selenium.common.exceptions.TimeoutException` if timeout occurs\n        \"\"\"\n        screen = None\n        stacktrace = None\n    \n        end_time = time.monotonic() + self._timeout\n        while True:\n            try:\n                value = method(self._driver)\n                if value:\n                    return value\n            except self._ignored_exceptions as exc:\n                screen = getattr(exc, 'screen', None)\n                stacktrace = getattr(exc, 'stacktrace', None)\n            time.sleep(self._poll)\n            if time.monotonic() > end_time:\n                break\n>       raise TimeoutException(message, screen, stacktrace)\nE       selenium.common.exceptions.TimeoutException: Message: Can't find element by locator ('xpath', '//div[contains(text(), \"Введите код\")]') >> Page didn't load! Restart test please!\nE       Stacktrace:\nE       Backtrace:\nE       \tOrdinal0 [0x00EA78B3+2193587]\nE       \tOrdinal0 [0x00E40681+1771137]\nE       \tOrdinal0 [0x00D541A8+803240]\nE       \tOrdinal0 [0x00D824A0+992416]\nE       \tOrdinal0 [0x00D8273B+993083]\nE       \tOrdinal0 [0x00DAF7C2+1177538]\nE       \tOrdinal0 [0x00D9D7F4+1103860]\nE       \tOrdinal0 [0x00DADAE2+1170146]\nE       \tOrdinal0 [0x00D9D5C6+1103302]\nE       \tOrdinal0 [0x00D777E0+948192]\nE       \tOrdinal0 [0x00D786E6+952038]\nE       \tGetHandleVerifier [0x01150CB2+2738370]\nE       \tGetHandleVerifier [0x011421B8+2678216]\nE       \tGetHandleVerifier [0x00F317AA+512954]\nE       \tGetHandleVerifier [0x00F30856+509030]\nE       \tOrdinal0 [0x00E4743B+1799227]\nE       \tOrdinal0 [0x00E4BB68+1817448]\nE       \tOrdinal0 [0x00E4BC55+1817685]\nE       \tOrdinal0 [0x00E55230+1856048]\nE       \tBaseThreadInitThunk [0x764EFA29+25]\nE       \tRtlGetAppContainerNamedObjectPath [0x77C57A9E+286]\nE       \tRtlGetAppContainerNamedObjectPath [0x77C57A6E+238]\n\nverv\\lib\\site-packages\\selenium\\webdriver\\support\\wait.py:90: TimeoutException","steps":[],"attachments":[{"uid":"5b61bf72081917d0","name":"stdout","source":"5b61bf72081917d0.txt","type":"text/plain","size":107}],"parameters":[],"shouldDisplayMessage":true,"attachmentsCount":1,"stepsCount":0,"hasContent":true},"afterStages":[{"name":"time_delta_teardown::0","time":{"start":1662913423016,"stop":1662913423016,"duration":0},"status":"passed","steps":[],"attachments":[],"parameters":[],"shouldDisplayMessage":false,"attachmentsCount":0,"stepsCount":0,"hasContent":false},{"name":"browser::0","time":{"start":1662913498219,"stop":1662913516544,"duration":18325},"status":"passed","steps":[],"attachments":[],"parameters":[],"shouldDisplayMessage":false,"attachmentsCount":0,"stepsCount":0,"hasContent":false}],"labels":[{"name":"severity","value":"critical"},{"name":"suite","value":"test_authorization"},{"name":"subSuite","value":"TestAuthorization"},{"name":"host","value":"HOME"},{"name":"thread","value":"8948-MainThread"},{"name":"framework","value":"pytest"},{"name":"language","value":"cpython3"},{"name":"package","value":"test_authorization"},{"name":"resultFormat","value":"allure2"}],"parameters":[{"name":"value","value":"''"}],"links":[],"hidden":true,"retry":true,"extra":{"categories":[],"tags":[]},"source":"4c90b13f7758f6ae.json","parameterValues":["''"]}