{"uid":"83f5aaaa521441b3","name":"test_registration_not_valid[mail5@mail.mail]","fullName":"test_authorization.TestAuthorization#test_registration_not_valid","historyId":"61b13008d2a8e2719349e9a1b7fbf46e","time":{"start":1662914610512,"stop":1662914613990,"duration":3478},"description":"Тестируем невалидный вариант регистрации. [НЕГАТИВНЫЙ ТЕСТ]","descriptionHtml":"<p>Тестируем невалидный вариант регистрации. [НЕГАТИВНЫЙ ТЕСТ]</p>\n","status":"failed","statusMessage":"AssertionError: assert 'Нужно ввести' in ''","statusTrace":"self = <tests.test_authorization.TestAuthorization object at 0x0000017DB094F4F0>, browser = <selenium.webdriver.chrome.webdriver.WebDriver (session=\"08a70495a21439a296bb22a6b5ee7915\")>\nvalue = 'mail5@mail.mail'\n\n    @pytest.mark.parametrize(\"value\",\n                             ['', '     @mail.ru', 'my_mail@.ru', 'five5@mail.рус', 'mail5@mail.mail', 'five5@mail.r',\n                              'five5@ 123.com', generate_string(250) + '@mail.ru'])\n    def test_registration_not_valid(self, browser, value):\n        \"\"\"Тестируем невалидный вариант регистрации. [НЕГАТИВНЫЙ ТЕСТ]\"\"\"\n    \n        driver = browser  # транспортируем драйвер\n        # Импортируем действия и открываем сайт:\n        auth_page = AuthPage(driver)\n        page = RegPage(driver)\n        result_status = \"\"\n        try:\n            page.enter_on_site()\n            # Нажимаем на кнопку Войти:\n            page.btn_click_enter()\n            driver.implicitly_wait(2)\n            # Нажимаем на кнопку Другой способ:\n            page.btn_click_way()\n            driver.implicitly_wait(2)\n            # Нажимаем на кнопку По смс или email коду:\n            page.btn_click_email()\n            driver.implicitly_wait(2)\n            # Вводим адрес почты/Email (поле для вставки невалидных значений):\n            page.enter_email(value)\n            # Нажимаем на кнопку Получить код:\n            page.btn_click_getcode()\n            time.sleep(2)\n            # Если появится надпись \"Нужно ввести\", значит указанное невалидное значение не прошло проверку:\n            need_enter = auth_page.find_elem_errorpass().text  # локатор на надпись \"Нужно ввести...\"\n            print('\\nneed_enter =', need_enter)\n>           assert \"Нужно ввести\" in need_enter\nE           AssertionError: assert 'Нужно ввести' in ''\n\ntests\\test_authorization.py:235: AssertionError","flaky":false,"newFailed":false,"newBroken":false,"newPassed":false,"retriesCount":2,"retriesStatusChange":false,"beforeStages":[{"name":"_session_faker","time":{"start":1662914590564,"stop":1662914590611,"duration":47},"status":"passed","steps":[],"attachments":[],"parameters":[],"shouldDisplayMessage":false,"attachmentsCount":0,"stepsCount":0,"hasContent":false},{"name":"base_url","time":{"start":1662914590611,"stop":1662914590611,"duration":0},"status":"passed","steps":[],"attachments":[],"parameters":[],"shouldDisplayMessage":false,"attachmentsCount":0,"stepsCount":0,"hasContent":false},{"name":"browser","time":{"start":1662914590611,"stop":1662914594722,"duration":4111},"status":"passed","steps":[],"attachments":[],"parameters":[],"shouldDisplayMessage":false,"attachmentsCount":0,"stepsCount":0,"hasContent":false},{"name":"_verify_url","time":{"start":1662914590611,"stop":1662914590611,"duration":0},"status":"passed","steps":[],"attachments":[],"parameters":[],"shouldDisplayMessage":false,"attachmentsCount":0,"stepsCount":0,"hasContent":false},{"name":"sensitive_url","time":{"start":1662914594722,"stop":1662914594722,"duration":0},"status":"passed","steps":[],"attachments":[],"parameters":[],"shouldDisplayMessage":false,"attachmentsCount":0,"stepsCount":0,"hasContent":false},{"name":"_skip_sensitive","time":{"start":1662914610512,"stop":1662914610512,"duration":0},"status":"passed","steps":[],"attachments":[],"parameters":[],"shouldDisplayMessage":false,"attachmentsCount":0,"stepsCount":0,"hasContent":false},{"name":"time_delta_teardown","time":{"start":1662914610512,"stop":1662914610512,"duration":0},"status":"passed","steps":[],"attachments":[],"parameters":[],"shouldDisplayMessage":false,"attachmentsCount":0,"stepsCount":0,"hasContent":false}],"testStage":{"description":"Тестируем невалидный вариант регистрации. [НЕГАТИВНЫЙ ТЕСТ]","status":"failed","statusMessage":"AssertionError: assert 'Нужно ввести' in ''","statusTrace":"self = <tests.test_authorization.TestAuthorization object at 0x0000017DB094F4F0>, browser = <selenium.webdriver.chrome.webdriver.WebDriver (session=\"08a70495a21439a296bb22a6b5ee7915\")>\nvalue = 'mail5@mail.mail'\n\n    @pytest.mark.parametrize(\"value\",\n                             ['', '     @mail.ru', 'my_mail@.ru', 'five5@mail.рус', 'mail5@mail.mail', 'five5@mail.r',\n                              'five5@ 123.com', generate_string(250) + '@mail.ru'])\n    def test_registration_not_valid(self, browser, value):\n        \"\"\"Тестируем невалидный вариант регистрации. [НЕГАТИВНЫЙ ТЕСТ]\"\"\"\n    \n        driver = browser  # транспортируем драйвер\n        # Импортируем действия и открываем сайт:\n        auth_page = AuthPage(driver)\n        page = RegPage(driver)\n        result_status = \"\"\n        try:\n            page.enter_on_site()\n            # Нажимаем на кнопку Войти:\n            page.btn_click_enter()\n            driver.implicitly_wait(2)\n            # Нажимаем на кнопку Другой способ:\n            page.btn_click_way()\n            driver.implicitly_wait(2)\n            # Нажимаем на кнопку По смс или email коду:\n            page.btn_click_email()\n            driver.implicitly_wait(2)\n            # Вводим адрес почты/Email (поле для вставки невалидных значений):\n            page.enter_email(value)\n            # Нажимаем на кнопку Получить код:\n            page.btn_click_getcode()\n            time.sleep(2)\n            # Если появится надпись \"Нужно ввести\", значит указанное невалидное значение не прошло проверку:\n            need_enter = auth_page.find_elem_errorpass().text  # локатор на надпись \"Нужно ввести...\"\n            print('\\nneed_enter =', need_enter)\n>           assert \"Нужно ввести\" in need_enter\nE           AssertionError: assert 'Нужно ввести' in ''\n\ntests\\test_authorization.py:235: AssertionError","steps":[],"attachments":[{"uid":"29e1cb0606befc26","name":"stdout","source":"29e1cb0606befc26.txt","type":"text/plain","size":135}],"parameters":[],"shouldDisplayMessage":true,"attachmentsCount":1,"stepsCount":0,"hasContent":true},"afterStages":[{"name":"time_delta_teardown::0","time":{"start":1662914614093,"stop":1662914614093,"duration":0},"status":"passed","steps":[],"attachments":[],"parameters":[],"shouldDisplayMessage":false,"attachmentsCount":0,"stepsCount":0,"hasContent":false},{"name":"browser::0","time":{"start":1662914624891,"stop":1662914643209,"duration":18318},"status":"passed","steps":[],"attachments":[],"parameters":[],"shouldDisplayMessage":false,"attachmentsCount":0,"stepsCount":0,"hasContent":false}],"labels":[{"name":"severity","value":"critical"},{"name":"suite","value":"test_authorization"},{"name":"subSuite","value":"TestAuthorization"},{"name":"host","value":"HOME"},{"name":"thread","value":"2728-MainThread"},{"name":"framework","value":"pytest"},{"name":"language","value":"cpython3"},{"name":"package","value":"test_authorization"},{"name":"resultFormat","value":"allure2"}],"parameters":[{"name":"value","value":"'mail5@mail.mail'"}],"links":[],"hidden":false,"retry":false,"extra":{"severity":"critical","retries":[{"uid":"9e00044f125c9f57","status":"failed","statusDetails":"AssertionError: assert 'Нужно ввести' in ''","time":{"start":1662914251176,"stop":1662914252742,"duration":1566}},{"uid":"160b6e6ffc2a3792","status":"failed","statusDetails":"AssertionError: assert 'Введите код' != 'Введите код'","time":{"start":1662913459746,"stop":1662913461502,"duration":1756}}],"categories":[{"name":"Product defects","matchedStatuses":[],"flaky":false}],"tags":[]},"source":"83f5aaaa521441b3.json","parameterValues":["'mail5@mail.mail'"]}