{"uid":"91f378e7a7641d2f","name":"test_menu_sportgoods","fullName":"test_main_page#test_menu_sportgoods","historyId":"e8c169a729773ed40a620a3aac6388e0","time":{"start":1662918004810,"stop":1662918015239,"duration":10429},"description":"Тестируем функционал раздела Спорт и отдых в Каталоге","descriptionHtml":"<p>Тестируем функционал раздела Спорт и отдых в Каталоге</p>\n","status":"broken","statusMessage":"selenium.common.exceptions.TimeoutException: Message: Can't find element by locator ('xpath', '//span[contains(text(), \"Каталог\")]') >> Page didn't load! Restart test please!\nStacktrace:\nBacktrace:\n\tOrdinal0 [0x00EA78B3+2193587]\n\tOrdinal0 [0x00E40681+1771137]\n\tOrdinal0 [0x00D541A8+803240]\n\tOrdinal0 [0x00D824A0+992416]\n\tOrdinal0 [0x00D8273B+993083]\n\tOrdinal0 [0x00DAF7C2+1177538]\n\tOrdinal0 [0x00D9D7F4+1103860]\n\tOrdinal0 [0x00DADAE2+1170146]\n\tOrdinal0 [0x00D9D5C6+1103302]\n\tOrdinal0 [0x00D777E0+948192]\n\tOrdinal0 [0x00D786E6+952038]\n\tGetHandleVerifier [0x01150CB2+2738370]\n\tGetHandleVerifier [0x011421B8+2678216]\n\tGetHandleVerifier [0x00F317AA+512954]\n\tGetHandleVerifier [0x00F30856+509030]\n\tOrdinal0 [0x00E4743B+1799227]\n\tOrdinal0 [0x00E4BB68+1817448]\n\tOrdinal0 [0x00E4BC55+1817685]\n\tOrdinal0 [0x00E55230+1856048]\n\tBaseThreadInitThunk [0x764EFA29+25]\n\tRtlGetAppContainerNamedObjectPath [0x77C57A9E+286]\n\tRtlGetAppContainerNamedObjectPath [0x77C57A6E+238]","statusTrace":"browser = <selenium.webdriver.chrome.webdriver.WebDriver (session=\"d9dae29ecdc43e3804dbe219d2244cd7\")>\n\n    def test_menu_sportgoods(browser):\n        \"\"\"Тестируем функционал раздела Спорт и отдых в Каталоге\"\"\"\n        driver = browser\n        page = MainPage(driver)\n        result_status = \"\"\n        try:\n            page.enter_on_site()\n            # Нажимаем на кнопку Каталог:\n>           page.btn_click_catalog()\n\ntests\\test_main_page.py:744: \n_ _ _ _ _ _ _ _ _ _ _ _ _ _ _ _ _ _ _ _ _ _ _ _ _ _ _ _ _ _ _ _ _ _ _ _ _ _ _ _ _ _ _ _ _ _ _ _ _ _ _ _ _ _ _ _ _ _ _ _ _ _ _ _ _ _ _ _ _ _ _ _ _ _ _ _ _ _ _ _ _ _ _ _ _ _ _ _ _ _ _ _ _ _ _ _ _ _ _ _ _ _ _ _ \npages\\PageAutho.py:113: in btn_click_catalog\n    btn_catalog = self.find_element(LocatorsProject.GOOD_bCATALOG).click()\npages\\BaseApp.py:14: in find_element\n    return WebDriverWait(self.driver, time).until(EC.presence_of_element_located(locator),\n_ _ _ _ _ _ _ _ _ _ _ _ _ _ _ _ _ _ _ _ _ _ _ _ _ _ _ _ _ _ _ _ _ _ _ _ _ _ _ _ _ _ _ _ _ _ _ _ _ _ _ _ _ _ _ _ _ _ _ _ _ _ _ _ _ _ _ _ _ _ _ _ _ _ _ _ _ _ _ _ _ _ _ _ _ _ _ _ _ _ _ _ _ _ _ _ _ _ _ _ _ _ _ _ \n\nself = <selenium.webdriver.support.wait.WebDriverWait (session=\"d9dae29ecdc43e3804dbe219d2244cd7\")>, method = <function presence_of_element_located.<locals>._predicate at 0x000002266FB9D8B0>\nmessage = 'Can\\'t find element by locator (\\'xpath\\', \\'//span[contains(text(), \"Каталог\")]\\') >> Page didn\\'t load! Restart test please!'\n\n    def until(self, method, message: str = \"\"):\n        \"\"\"Calls the method provided with the driver as an argument until the \\\n        return value does not evaluate to ``False``.\n    \n        :param method: callable(WebDriver)\n        :param message: optional message for :exc:`TimeoutException`\n        :returns: the result of the last call to `method`\n        :raises: :exc:`selenium.common.exceptions.TimeoutException` if timeout occurs\n        \"\"\"\n        screen = None\n        stacktrace = None\n    \n        end_time = time.monotonic() + self._timeout\n        while True:\n            try:\n                value = method(self._driver)\n                if value:\n                    return value\n            except self._ignored_exceptions as exc:\n                screen = getattr(exc, 'screen', None)\n                stacktrace = getattr(exc, 'stacktrace', None)\n            time.sleep(self._poll)\n            if time.monotonic() > end_time:\n                break\n>       raise TimeoutException(message, screen, stacktrace)\nE       selenium.common.exceptions.TimeoutException: Message: Can't find element by locator ('xpath', '//span[contains(text(), \"Каталог\")]') >> Page didn't load! Restart test please!\nE       Stacktrace:\nE       Backtrace:\nE       \tOrdinal0 [0x00EA78B3+2193587]\nE       \tOrdinal0 [0x00E40681+1771137]\nE       \tOrdinal0 [0x00D541A8+803240]\nE       \tOrdinal0 [0x00D824A0+992416]\nE       \tOrdinal0 [0x00D8273B+993083]\nE       \tOrdinal0 [0x00DAF7C2+1177538]\nE       \tOrdinal0 [0x00D9D7F4+1103860]\nE       \tOrdinal0 [0x00DADAE2+1170146]\nE       \tOrdinal0 [0x00D9D5C6+1103302]\nE       \tOrdinal0 [0x00D777E0+948192]\nE       \tOrdinal0 [0x00D786E6+952038]\nE       \tGetHandleVerifier [0x01150CB2+2738370]\nE       \tGetHandleVerifier [0x011421B8+2678216]\nE       \tGetHandleVerifier [0x00F317AA+512954]\nE       \tGetHandleVerifier [0x00F30856+509030]\nE       \tOrdinal0 [0x00E4743B+1799227]\nE       \tOrdinal0 [0x00E4BB68+1817448]\nE       \tOrdinal0 [0x00E4BC55+1817685]\nE       \tOrdinal0 [0x00E55230+1856048]\nE       \tBaseThreadInitThunk [0x764EFA29+25]\nE       \tRtlGetAppContainerNamedObjectPath [0x77C57A9E+286]\nE       \tRtlGetAppContainerNamedObjectPath [0x77C57A6E+238]\n\nverv\\lib\\site-packages\\selenium\\webdriver\\support\\wait.py:90: TimeoutException","flaky":false,"newFailed":false,"newBroken":false,"newPassed":false,"retriesCount":0,"retriesStatusChange":false,"beforeStages":[{"name":"_session_faker","time":{"start":1662917940506,"stop":1662917940553,"duration":47},"status":"passed","steps":[],"attachments":[],"parameters":[],"shouldDisplayMessage":false,"attachmentsCount":0,"stepsCount":0,"hasContent":false},{"name":"base_url","time":{"start":1662917940553,"stop":1662917940553,"duration":0},"status":"passed","steps":[],"attachments":[],"parameters":[],"shouldDisplayMessage":false,"attachmentsCount":0,"stepsCount":0,"hasContent":false},{"name":"browser","time":{"start":1662917940569,"stop":1662917944674,"duration":4105},"status":"passed","steps":[],"attachments":[],"parameters":[],"shouldDisplayMessage":false,"attachmentsCount":0,"stepsCount":0,"hasContent":false},{"name":"_verify_url","time":{"start":1662917940569,"stop":1662917940569,"duration":0},"status":"passed","steps":[],"attachments":[],"parameters":[],"shouldDisplayMessage":false,"attachmentsCount":0,"stepsCount":0,"hasContent":false},{"name":"sensitive_url","time":{"start":1662917944674,"stop":1662917944674,"duration":0},"status":"passed","steps":[],"attachments":[],"parameters":[],"shouldDisplayMessage":false,"attachmentsCount":0,"stepsCount":0,"hasContent":false},{"name":"time_delta_teardown","time":{"start":1662918004810,"stop":1662918004810,"duration":0},"status":"passed","steps":[],"attachments":[],"parameters":[],"shouldDisplayMessage":false,"attachmentsCount":0,"stepsCount":0,"hasContent":false},{"name":"_skip_sensitive","time":{"start":1662918004810,"stop":1662918004810,"duration":0},"status":"passed","steps":[],"attachments":[],"parameters":[],"shouldDisplayMessage":false,"attachmentsCount":0,"stepsCount":0,"hasContent":false}],"testStage":{"description":"Тестируем функционал раздела Спорт и отдых в Каталоге","status":"broken","statusMessage":"selenium.common.exceptions.TimeoutException: Message: Can't find element by locator ('xpath', '//span[contains(text(), \"Каталог\")]') >> Page didn't load! Restart test please!\nStacktrace:\nBacktrace:\n\tOrdinal0 [0x00EA78B3+2193587]\n\tOrdinal0 [0x00E40681+1771137]\n\tOrdinal0 [0x00D541A8+803240]\n\tOrdinal0 [0x00D824A0+992416]\n\tOrdinal0 [0x00D8273B+993083]\n\tOrdinal0 [0x00DAF7C2+1177538]\n\tOrdinal0 [0x00D9D7F4+1103860]\n\tOrdinal0 [0x00DADAE2+1170146]\n\tOrdinal0 [0x00D9D5C6+1103302]\n\tOrdinal0 [0x00D777E0+948192]\n\tOrdinal0 [0x00D786E6+952038]\n\tGetHandleVerifier [0x01150CB2+2738370]\n\tGetHandleVerifier [0x011421B8+2678216]\n\tGetHandleVerifier [0x00F317AA+512954]\n\tGetHandleVerifier [0x00F30856+509030]\n\tOrdinal0 [0x00E4743B+1799227]\n\tOrdinal0 [0x00E4BB68+1817448]\n\tOrdinal0 [0x00E4BC55+1817685]\n\tOrdinal0 [0x00E55230+1856048]\n\tBaseThreadInitThunk [0x764EFA29+25]\n\tRtlGetAppContainerNamedObjectPath [0x77C57A9E+286]\n\tRtlGetAppContainerNamedObjectPath [0x77C57A6E+238]","statusTrace":"browser = <selenium.webdriver.chrome.webdriver.WebDriver (session=\"d9dae29ecdc43e3804dbe219d2244cd7\")>\n\n    def test_menu_sportgoods(browser):\n        \"\"\"Тестируем функционал раздела Спорт и отдых в Каталоге\"\"\"\n        driver = browser\n        page = MainPage(driver)\n        result_status = \"\"\n        try:\n            page.enter_on_site()\n            # Нажимаем на кнопку Каталог:\n>           page.btn_click_catalog()\n\ntests\\test_main_page.py:744: \n_ _ _ _ _ _ _ _ _ _ _ _ _ _ _ _ _ _ _ _ _ _ _ _ _ _ _ _ _ _ _ _ _ _ _ _ _ _ _ _ _ _ _ _ _ _ _ _ _ _ _ _ _ _ _ _ _ _ _ _ _ _ _ _ _ _ _ _ _ _ _ _ _ _ _ _ _ _ _ _ _ _ _ _ _ _ _ _ _ _ _ _ _ _ _ _ _ _ _ _ _ _ _ _ \npages\\PageAutho.py:113: in btn_click_catalog\n    btn_catalog = self.find_element(LocatorsProject.GOOD_bCATALOG).click()\npages\\BaseApp.py:14: in find_element\n    return WebDriverWait(self.driver, time).until(EC.presence_of_element_located(locator),\n_ _ _ _ _ _ _ _ _ _ _ _ _ _ _ _ _ _ _ _ _ _ _ _ _ _ _ _ _ _ _ _ _ _ _ _ _ _ _ _ _ _ _ _ _ _ _ _ _ _ _ _ _ _ _ _ _ _ _ _ _ _ _ _ _ _ _ _ _ _ _ _ _ _ _ _ _ _ _ _ _ _ _ _ _ _ _ _ _ _ _ _ _ _ _ _ _ _ _ _ _ _ _ _ \n\nself = <selenium.webdriver.support.wait.WebDriverWait (session=\"d9dae29ecdc43e3804dbe219d2244cd7\")>, method = <function presence_of_element_located.<locals>._predicate at 0x000002266FB9D8B0>\nmessage = 'Can\\'t find element by locator (\\'xpath\\', \\'//span[contains(text(), \"Каталог\")]\\') >> Page didn\\'t load! Restart test please!'\n\n    def until(self, method, message: str = \"\"):\n        \"\"\"Calls the method provided with the driver as an argument until the \\\n        return value does not evaluate to ``False``.\n    \n        :param method: callable(WebDriver)\n        :param message: optional message for :exc:`TimeoutException`\n        :returns: the result of the last call to `method`\n        :raises: :exc:`selenium.common.exceptions.TimeoutException` if timeout occurs\n        \"\"\"\n        screen = None\n        stacktrace = None\n    \n        end_time = time.monotonic() + self._timeout\n        while True:\n            try:\n                value = method(self._driver)\n                if value:\n                    return value\n            except self._ignored_exceptions as exc:\n                screen = getattr(exc, 'screen', None)\n                stacktrace = getattr(exc, 'stacktrace', None)\n            time.sleep(self._poll)\n            if time.monotonic() > end_time:\n                break\n>       raise TimeoutException(message, screen, stacktrace)\nE       selenium.common.exceptions.TimeoutException: Message: Can't find element by locator ('xpath', '//span[contains(text(), \"Каталог\")]') >> Page didn't load! Restart test please!\nE       Stacktrace:\nE       Backtrace:\nE       \tOrdinal0 [0x00EA78B3+2193587]\nE       \tOrdinal0 [0x00E40681+1771137]\nE       \tOrdinal0 [0x00D541A8+803240]\nE       \tOrdinal0 [0x00D824A0+992416]\nE       \tOrdinal0 [0x00D8273B+993083]\nE       \tOrdinal0 [0x00DAF7C2+1177538]\nE       \tOrdinal0 [0x00D9D7F4+1103860]\nE       \tOrdinal0 [0x00DADAE2+1170146]\nE       \tOrdinal0 [0x00D9D5C6+1103302]\nE       \tOrdinal0 [0x00D777E0+948192]\nE       \tOrdinal0 [0x00D786E6+952038]\nE       \tGetHandleVerifier [0x01150CB2+2738370]\nE       \tGetHandleVerifier [0x011421B8+2678216]\nE       \tGetHandleVerifier [0x00F317AA+512954]\nE       \tGetHandleVerifier [0x00F30856+509030]\nE       \tOrdinal0 [0x00E4743B+1799227]\nE       \tOrdinal0 [0x00E4BB68+1817448]\nE       \tOrdinal0 [0x00E4BC55+1817685]\nE       \tOrdinal0 [0x00E55230+1856048]\nE       \tBaseThreadInitThunk [0x764EFA29+25]\nE       \tRtlGetAppContainerNamedObjectPath [0x77C57A9E+286]\nE       \tRtlGetAppContainerNamedObjectPath [0x77C57A6E+238]\n\nverv\\lib\\site-packages\\selenium\\webdriver\\support\\wait.py:90: TimeoutException","steps":[],"attachments":[{"uid":"5f03d4b2d597052e","name":"stdout","source":"5f03d4b2d597052e.txt","type":"text/plain","size":99}],"parameters":[],"shouldDisplayMessage":true,"attachmentsCount":1,"stepsCount":0,"hasContent":true},"afterStages":[{"name":"time_delta_teardown::0","time":{"start":1662918015254,"stop":1662918015254,"duration":0},"status":"passed","steps":[],"attachments":[],"parameters":[],"shouldDisplayMessage":false,"attachmentsCount":0,"stepsCount":0,"hasContent":false},{"name":"browser::0","time":{"start":1662918025652,"stop":1662918044056,"duration":18404},"status":"passed","steps":[],"attachments":[],"parameters":[],"shouldDisplayMessage":false,"attachmentsCount":0,"stepsCount":0,"hasContent":false}],"labels":[{"name":"suite","value":"test_main_page"},{"name":"host","value":"HOME"},{"name":"thread","value":"2152-MainThread"},{"name":"framework","value":"pytest"},{"name":"language","value":"cpython3"},{"name":"package","value":"test_main_page"},{"name":"resultFormat","value":"allure2"}],"parameters":[],"links":[],"hidden":true,"retry":true,"extra":{"categories":[],"tags":[]},"source":"91f378e7a7641d2f.json","parameterValues":[]}