{"uid":"d6c0ed8c9338b8bf","name":"test_registration_not_valid[five5@ 123.com]","fullName":"test_authorization.TestAuthorization#test_registration_not_valid","historyId":"8443ff1234f965b958a519466a15c092","time":{"start":1662914254447,"stop":1662914256175,"duration":1728},"description":"Тестируем невалидный вариант регистрации. [НЕГАТИВНЫЙ ТЕСТ]","descriptionHtml":"<p>Тестируем невалидный вариант регистрации. [НЕГАТИВНЫЙ ТЕСТ]</p>\n","status":"failed","statusMessage":"AssertionError: assert 'Нужно ввести' in ''","statusTrace":"self = <tests.test_authorization.TestAuthorization object at 0x00000202428FF190>, browser = <selenium.webdriver.chrome.webdriver.WebDriver (session=\"39f96deae60ac6a2ad336adc8a341a22\")>\nvalue = 'five5@ 123.com'\n\n    @pytest.mark.parametrize(\"value\",\n                             ['', '     @mail.ru', 'my_mail@.ru', 'five5@mail.рус', 'mail5@mail.mail', 'five5@mail.r',\n                              'five5@ 123.com', generate_string(250) + '@mail.ru'])\n    def test_registration_not_valid(self, browser, value):\n        \"\"\"Тестируем невалидный вариант регистрации. [НЕГАТИВНЫЙ ТЕСТ]\"\"\"\n    \n        driver = browser  # транспортируем драйвер\n        # Импортируем действия и открываем сайт:\n        auth_page = AuthPage(driver)\n        page = RegPage(driver)\n        result_status = \"\"\n        try:\n            page.enter_on_site()\n            # Нажимаем на кнопку Войти:\n            page.btn_click_enter()\n            driver.implicitly_wait(2)\n            # Нажимаем на кнопку Другой способ:\n            page.btn_click_way()\n            driver.implicitly_wait(2)\n            # Нажимаем на кнопку По смс или email коду:\n            page.btn_click_email()\n            driver.implicitly_wait(2)\n            # Вводим адрес почты/Email (поле для вставки невалидных значений):\n            page.enter_email(value)\n            # Нажимаем на кнопку Получить код:\n            page.btn_click_getcode()\n            # Если появится надпись \"Нужно ввести\", значит указанное невалидное значение не прошло проверку:\n            need_enter = auth_page.find_elem_errorpass().text  # локатор на надпись \"Нужно ввести...\"\n>           assert \"Нужно ввести\" in need_enter\nE           AssertionError: assert 'Нужно ввести' in ''\n\ntests\\test_authorization.py:233: AssertionError","flaky":false,"newFailed":false,"newBroken":false,"newPassed":false,"retriesCount":0,"retriesStatusChange":false,"beforeStages":[{"name":"_session_faker","time":{"start":1662914239267,"stop":1662914239314,"duration":47},"status":"passed","steps":[],"attachments":[],"parameters":[],"shouldDisplayMessage":false,"attachmentsCount":0,"stepsCount":0,"hasContent":false},{"name":"browser","time":{"start":1662914239314,"stop":1662914243422,"duration":4108},"status":"passed","steps":[],"attachments":[],"parameters":[],"shouldDisplayMessage":false,"attachmentsCount":0,"stepsCount":0,"hasContent":false},{"name":"_verify_url","time":{"start":1662914239314,"stop":1662914239314,"duration":0},"status":"passed","steps":[],"attachments":[],"parameters":[],"shouldDisplayMessage":false,"attachmentsCount":0,"stepsCount":0,"hasContent":false},{"name":"base_url","time":{"start":1662914239314,"stop":1662914239314,"duration":0},"status":"passed","steps":[],"attachments":[],"parameters":[],"shouldDisplayMessage":false,"attachmentsCount":0,"stepsCount":0,"hasContent":false},{"name":"sensitive_url","time":{"start":1662914243422,"stop":1662914243422,"duration":0},"status":"passed","steps":[],"attachments":[],"parameters":[],"shouldDisplayMessage":false,"attachmentsCount":0,"stepsCount":0,"hasContent":false},{"name":"_skip_sensitive","time":{"start":1662914254446,"stop":1662914254447,"duration":1},"status":"passed","steps":[],"attachments":[],"parameters":[],"shouldDisplayMessage":false,"attachmentsCount":0,"stepsCount":0,"hasContent":false},{"name":"time_delta_teardown","time":{"start":1662914254447,"stop":1662914254447,"duration":0},"status":"passed","steps":[],"attachments":[],"parameters":[],"shouldDisplayMessage":false,"attachmentsCount":0,"stepsCount":0,"hasContent":false}],"testStage":{"description":"Тестируем невалидный вариант регистрации. [НЕГАТИВНЫЙ ТЕСТ]","status":"failed","statusMessage":"AssertionError: assert 'Нужно ввести' in ''","statusTrace":"self = <tests.test_authorization.TestAuthorization object at 0x00000202428FF190>, browser = <selenium.webdriver.chrome.webdriver.WebDriver (session=\"39f96deae60ac6a2ad336adc8a341a22\")>\nvalue = 'five5@ 123.com'\n\n    @pytest.mark.parametrize(\"value\",\n                             ['', '     @mail.ru', 'my_mail@.ru', 'five5@mail.рус', 'mail5@mail.mail', 'five5@mail.r',\n                              'five5@ 123.com', generate_string(250) + '@mail.ru'])\n    def test_registration_not_valid(self, browser, value):\n        \"\"\"Тестируем невалидный вариант регистрации. [НЕГАТИВНЫЙ ТЕСТ]\"\"\"\n    \n        driver = browser  # транспортируем драйвер\n        # Импортируем действия и открываем сайт:\n        auth_page = AuthPage(driver)\n        page = RegPage(driver)\n        result_status = \"\"\n        try:\n            page.enter_on_site()\n            # Нажимаем на кнопку Войти:\n            page.btn_click_enter()\n            driver.implicitly_wait(2)\n            # Нажимаем на кнопку Другой способ:\n            page.btn_click_way()\n            driver.implicitly_wait(2)\n            # Нажимаем на кнопку По смс или email коду:\n            page.btn_click_email()\n            driver.implicitly_wait(2)\n            # Вводим адрес почты/Email (поле для вставки невалидных значений):\n            page.enter_email(value)\n            # Нажимаем на кнопку Получить код:\n            page.btn_click_getcode()\n            # Если появится надпись \"Нужно ввести\", значит указанное невалидное значение не прошло проверку:\n            need_enter = auth_page.find_elem_errorpass().text  # локатор на надпись \"Нужно ввести...\"\n>           assert \"Нужно ввести\" in need_enter\nE           AssertionError: assert 'Нужно ввести' in ''\n\ntests\\test_authorization.py:233: AssertionError","steps":[],"attachments":[{"uid":"e891c9d7f07e826a","name":"stdout","source":"e891c9d7f07e826a.txt","type":"text/plain","size":120}],"parameters":[],"shouldDisplayMessage":true,"attachmentsCount":1,"stepsCount":0,"hasContent":true},"afterStages":[{"name":"time_delta_teardown::0","time":{"start":1662914256179,"stop":1662914256179,"duration":0},"status":"passed","steps":[],"attachments":[],"parameters":[],"shouldDisplayMessage":false,"attachmentsCount":0,"stepsCount":0,"hasContent":false},{"name":"browser::0","time":{"start":1662914257933,"stop":1662914276234,"duration":18301},"status":"passed","steps":[],"attachments":[],"parameters":[],"shouldDisplayMessage":false,"attachmentsCount":0,"stepsCount":0,"hasContent":false}],"labels":[{"name":"severity","value":"critical"},{"name":"suite","value":"test_authorization"},{"name":"subSuite","value":"TestAuthorization"},{"name":"host","value":"HOME"},{"name":"thread","value":"2440-MainThread"},{"name":"framework","value":"pytest"},{"name":"language","value":"cpython3"},{"name":"package","value":"test_authorization"},{"name":"resultFormat","value":"allure2"}],"parameters":[{"name":"value","value":"'five5@ 123.com'"}],"links":[],"hidden":true,"retry":true,"extra":{"categories":[],"tags":[]},"source":"d6c0ed8c9338b8bf.json","parameterValues":["'five5@ 123.com'"]}